0 verbose cli C:\Program Files\nodejs\node.exe C:\Program Files\nodejs\node_modules\npm\bin\npm-cli.js
1 info using npm@10.9.2
2 info using node@v22.14.0
3 silly config load:file:C:\Program Files\nodejs\node_modules\npm\npmrc
4 silly config load:file:C:\Users\clint\.npmrc
5 silly config load:file:C:\Users\clint\AppData\Roaming\npm\etc\npmrc
6 verbose title npm uninstall vercel
7 verbose argv "uninstall" "--global" "vercel"
8 verbose logfile logs-max:10 dir:C:\Users\clint\Documents\smart-nutrition-app\.npm-cache\_logs\2025-12-11T20_29_17_427Z-
9 verbose logfile C:\Users\clint\Documents\smart-nutrition-app\.npm-cache\_logs\2025-12-11T20_29_17_427Z-debug-0.log
10 silly packumentCache heap:4345298944 maxSize:1086324736 maxEntrySize:543162368
11 silly logfile done cleaning log files
12 silly idealTree buildDeps
13 silly reify moves {}
14 verbose cwd C:\Users\clint\Documents\smart-nutrition-app
15 verbose os Windows_NT 10.0.22000
16 verbose node v22.14.0
17 verbose npm  v10.9.2
18 verbose exit 0
19 info ok
