0 verbose cli C:\Program Files\nodejs\node.exe C:\Program Files\nodejs\node_modules\npm\bin\npm-cli.js
1 info using npm@10.9.2
2 info using node@v22.14.0
3 silly config load:file:C:\Program Files\nodejs\node_modules\npm\npmrc
4 silly config load:file:C:\Users\clint\.npmrc
5 silly config load:file:C:\Users\clint\AppData\Roaming\npm\etc\npmrc
6 verbose title npm uninstall vercel
7 verbose argv "uninstall" "--global" "vercel"
8 verbose logfile logs-max:10 dir:C:\Users\clint\Documents\smart-nutrition-app\.npm-cache\_logs\2025-12-11T20_17_13_467Z-
9 verbose logfile C:\Users\clint\Documents\smart-nutrition-app\.npm-cache\_logs\2025-12-11T20_17_13_467Z-debug-0.log
10 silly packumentCache heap:4345298944 maxSize:1086324736 maxEntrySize:543162368
11 silly logfile done cleaning log files
12 silly idealTree buildDeps
13 silly reify mark retired [ 'C:\\Users\\clint\\AppData\\Roaming\\npm\\node_modules\\vercel' ]
14 silly reify moves {
14 silly reify   'C:\\Users\\clint\\AppData\\Roaming\\npm\\node_modules\\vercel': 'C:\\Users\\clint\\AppData\\Roaming\\npm\\node_modules\\.vercel-wfLOVtf2'
14 silly reify }
15 silly REMOVE node_modules/vercel
16 silly REMOVE node_modules/vercel/node_modules/@vercel/static-config
17 silly REMOVE node_modules/vercel/node_modules/@vercel/static-build
18 silly REMOVE node_modules/vercel/node_modules/@vercel/rust
19 silly REMOVE node_modules/vercel/node_modules/@vercel/ruby
20 silly REMOVE node_modules/vercel/node_modules/@vercel/remix-builder
21 silly REMOVE node_modules/vercel/node_modules/@vercel/redwood
22 silly REMOVE node_modules/vercel/node_modules/@vercel/python
23 silly REMOVE node_modules/vercel/node_modules/@vercel/node
24 silly REMOVE node_modules/vercel/node_modules/@vercel/nft
25 silly REMOVE node_modules/vercel/node_modules/@vercel/next
26 silly REMOVE node_modules/vercel/node_modules/@vercel/nestjs
27 silly REMOVE node_modules/vercel/node_modules/@vercel/introspection
28 silly REMOVE node_modules/vercel/node_modules/@vercel/hydrogen
29 silly REMOVE node_modules/vercel/node_modules/@vercel/hono
30 silly REMOVE node_modules/vercel/node_modules/@vercel/h3
31 silly REMOVE node_modules/vercel/node_modules/@vercel/go
32 silly REMOVE node_modules/vercel/node_modules/@vercel/gatsby-plugin-vercel-builder
33 silly REMOVE node_modules/vercel/node_modules/@vercel/gatsby-plugin-vercel-analytics
34 silly REMOVE node_modules/vercel/node_modules/@vercel/fun
35 silly REMOVE node_modules/vercel/node_modules/@vercel/fastify
36 silly REMOVE node_modules/vercel/node_modules/@vercel/express
37 silly REMOVE node_modules/vercel/node_modules/@vercel/error-utils
38 silly REMOVE node_modules/vercel/node_modules/@vercel/elysia
39 silly REMOVE node_modules/vercel/node_modules/@vercel/detect-agent
40 silly REMOVE node_modules/vercel/node_modules/@vercel/cervel
41 silly REMOVE node_modules/vercel/node_modules/@vercel/build-utils
42 silly REMOVE node_modules/vercel/node_modules/@vercel/blob
43 silly REMOVE node_modules/vercel/node_modules/@vercel/backends
44 silly REMOVE node_modules/vercel/node_modules/@types/node
45 silly REMOVE node_modules/vercel/node_modules/@types/json-schema
46 silly REMOVE node_modules/vercel/node_modules/@types/estree
47 silly REMOVE node_modules/vercel/node_modules/@tybys/wasm-util
48 silly REMOVE node_modules/vercel/node_modules/@tsconfig/node16
49 silly REMOVE node_modules/vercel/node_modules/@tsconfig/node14
50 silly REMOVE node_modules/vercel/node_modules/@tsconfig/node12
51 silly REMOVE node_modules/vercel/node_modules/@tsconfig/node10
52 silly REMOVE node_modules/vercel/node_modules/@ts-morph/common
53 silly REMOVE node_modules/vercel/node_modules/@tootallnate/once
54 silly REMOVE node_modules/vercel/node_modules/@sinclair/typebox
55 silly REMOVE node_modules/vercel/node_modules/@rollup/pluginutils
56 silly REMOVE node_modules/vercel/node_modules/@rolldown/pluginutils
57 silly REMOVE node_modules/vercel/node_modules/@rolldown/binding-win32-x64-msvc
58 silly REMOVE node_modules/vercel/node_modules/@oxc-project/runtime
59 silly REMOVE node_modules/vercel/node_modules/@oxc-project/types
60 silly REMOVE node_modules/vercel/node_modules/@nodelib/fs.walk
61 silly REMOVE node_modules/vercel/node_modules/@nodelib/fs.stat
62 silly REMOVE node_modules/vercel/node_modules/@nodelib/fs.scandir
63 silly REMOVE node_modules/vercel/node_modules/@napi-rs/wasm-runtime
64 silly REMOVE node_modules/vercel/node_modules/@mapbox/node-pre-gyp
65 silly REMOVE node_modules/vercel/node_modules/@jridgewell/trace-mapping
66 silly REMOVE node_modules/vercel/node_modules/@jridgewell/sourcemap-codec
67 silly REMOVE node_modules/vercel/node_modules/@jridgewell/resolve-uri
68 silly REMOVE node_modules/vercel/node_modules/@isaacs/fs-minipass
69 silly REMOVE node_modules/vercel/node_modules/@isaacs/brace-expansion
70 silly REMOVE node_modules/vercel/node_modules/@isaacs/balanced-match
71 silly REMOVE node_modules/vercel/node_modules/@iarna/toml
72 silly REMOVE node_modules/vercel/node_modules/v8-compile-cache-lib
73 silly REMOVE node_modules/vercel/node_modules/@fastify/busboy
74 silly REMOVE node_modules/vercel/node_modules/@esbuild/win32-x64
75 silly REMOVE node_modules/vercel/node_modules/@emnapi/wasi-threads
76 silly REMOVE node_modules/vercel/node_modules/@emnapi/runtime
77 silly REMOVE node_modules/vercel/node_modules/@emnapi/core
78 silly REMOVE node_modules/vercel/node_modules/@cspotcode/source-map-support
79 silly REMOVE node_modules/vercel/node_modules/@edge-runtime/vm
80 silly REMOVE node_modules/vercel/node_modules/@edge-runtime/primitives
81 silly REMOVE node_modules/vercel/node_modules/@edge-runtime/ponyfill
82 silly REMOVE node_modules/vercel/node_modules/@edge-runtime/format
83 silly REMOVE node_modules/vercel/node_modules/@edge-runtime/node-utils
84 silly REMOVE node_modules/vercel/node_modules/zod
85 silly REMOVE node_modules/vercel/node_modules/yauzl-promise
86 silly REMOVE node_modules/vercel/node_modules/yn
87 silly REMOVE node_modules/vercel/node_modules/yauzl-clone
88 silly REMOVE node_modules/vercel/node_modules/yauzl
89 silly REMOVE node_modules/vercel/node_modules/yallist
90 silly REMOVE node_modules/vercel/node_modules/xdg-portable
91 silly REMOVE node_modules/vercel/node_modules/xdg-app-paths
92 silly REMOVE node_modules/vercel/node_modules/wrappy
93 silly REMOVE node_modules/vercel/node_modules/webidl-conversions
94 silly REMOVE node_modules/vercel/node_modules/which
95 silly REMOVE node_modules/vercel/node_modules/whatwg-url
96 silly REMOVE node_modules/vercel/node_modules/web-vitals
97 silly REMOVE node_modules/vercel/node_modules/uri-js
98 silly REMOVE node_modules/vercel/node_modules/universalify
99 silly REMOVE node_modules/vercel/node_modules/unpipe
100 silly REMOVE node_modules/vercel/node_modules/undici
101 silly REMOVE node_modules/vercel/node_modules/uid-promise
102 silly REMOVE node_modules/vercel/node_modules/typescript5
103 silly REMOVE node_modules/vercel/node_modules/tsx
104 silly REMOVE node_modules/vercel/node_modules/tslib
105 silly REMOVE node_modules/vercel/node_modules/ts-node
106 silly REMOVE node_modules/vercel/node_modules/ts-toolbelt
107 silly REMOVE node_modules/vercel/node_modules/ts-morph
108 silly REMOVE node_modules/vercel/node_modules/tree-kill
109 silly REMOVE node_modules/vercel/node_modules/tr46
110 silly REMOVE node_modules/vercel/node_modules/toidentifier
111 silly REMOVE node_modules/vercel/node_modules/to-regex-range
112 silly REMOVE node_modules/vercel/node_modules/tinyexec
113 silly REMOVE node_modules/vercel/node_modules/time-span
114 silly REMOVE node_modules/vercel/node_modules/throttleit
115 silly REMOVE node_modules/vercel/node_modules/tar
116 silly REMOVE node_modules/vercel/node_modules/strip-final-newline
117 silly REMOVE node_modules/vercel/node_modules/stream-to-promise
118 silly REMOVE node_modules/vercel/node_modules/stream-to-array
119 silly REMOVE node_modules/vercel/node_modules/statuses
120 silly REMOVE node_modules/vercel/node_modules/stat-mode
121 silly REMOVE node_modules/vercel/node_modules/srvx
122 silly REMOVE node_modules/vercel/node_modules/signal-exit
123 silly REMOVE node_modules/vercel/node_modules/shebang-regex
124 silly REMOVE node_modules/vercel/node_modules/shebang-command
125 silly REMOVE node_modules/vercel/node_modules/setprototypeof
126 silly REMOVE node_modules/vercel/node_modules/semver
127 silly REMOVE node_modules/vercel/node_modules/safer-buffer
128 silly REMOVE node_modules/vercel/node_modules/run-parallel
129 silly REMOVE node_modules/vercel/node_modules/rolldown
130 silly REMOVE node_modules/vercel/node_modules/reusify
131 silly REMOVE node_modules/vercel/node_modules/retry
132 silly REMOVE node_modules/vercel/node_modules/resolve-pkg-maps
133 silly REMOVE node_modules/vercel/node_modules/resolve-from
134 silly REMOVE node_modules/vercel/node_modules/readdirp
135 silly REMOVE node_modules/vercel/node_modules/require-from-string
136 silly REMOVE node_modules/vercel/node_modules/raw-body
137 silly REMOVE node_modules/vercel/node_modules/queue-microtask
138 silly REMOVE node_modules/vercel/node_modules/punycode
139 silly REMOVE node_modules/vercel/node_modules/pump
140 silly REMOVE node_modules/vercel/node_modules/promisepipe
141 silly REMOVE node_modules/vercel/node_modules/pretty-ms
142 silly REMOVE node_modules/vercel/node_modules/picomatch
143 silly REMOVE node_modules/vercel/node_modules/picocolors
144 silly REMOVE node_modules/vercel/node_modules/pend
145 silly REMOVE node_modules/vercel/node_modules/path-to-regexp-updated
146 silly REMOVE node_modules/vercel/node_modules/path-to-regexp
147 silly REMOVE node_modules/vercel/node_modules/path-scurry
148 silly REMOVE node_modules/vercel/node_modules/path-match
149 silly REMOVE node_modules/vercel/node_modules/path-browserify
150 silly REMOVE node_modules/vercel/node_modules/path-key
151 silly REMOVE node_modules/vercel/node_modules/parse-ms
152 silly REMOVE node_modules/vercel/node_modules/p-finally
153 silly REMOVE node_modules/vercel/node_modules/os-paths
154 silly REMOVE node_modules/vercel/node_modules/onetime
155 silly REMOVE node_modules/vercel/node_modules/once
156 silly REMOVE node_modules/vercel/node_modules/npm-run-path
157 silly REMOVE node_modules/vercel/node_modules/nopt
158 silly REMOVE node_modules/vercel/node_modules/node-gyp-build
159 silly REMOVE node_modules/vercel/node_modules/node-fetch
160 silly REMOVE node_modules/vercel/node_modules/ms
161 silly REMOVE node_modules/vercel/node_modules/mri
162 silly REMOVE node_modules/vercel/node_modules/mkdirp
163 silly REMOVE node_modules/vercel/node_modules/minizlib
164 silly REMOVE node_modules/vercel/node_modules/minipass
165 silly REMOVE node_modules/vercel/node_modules/minimatch
166 silly REMOVE node_modules/vercel/node_modules/mimic-fn
167 silly REMOVE node_modules/vercel/node_modules/mime-types
168 silly REMOVE node_modules/vercel/node_modules/mime-db
169 silly REMOVE node_modules/vercel/node_modules/micromatch
170 silly REMOVE node_modules/vercel/node_modules/micro
171 silly REMOVE node_modules/vercel/node_modules/merge2
172 silly REMOVE node_modules/vercel/node_modules/merge-stream
173 silly REMOVE node_modules/vercel/node_modules/make-error
174 silly REMOVE node_modules/vercel/node_modules/lru-cache
175 silly REMOVE node_modules/vercel/node_modules/jsonfile
176 silly REMOVE node_modules/vercel/node_modules/json-schema-traverse
177 silly REMOVE node_modules/vercel/node_modules/json-schema-to-ts
178 silly REMOVE node_modules/vercel/node_modules/jose
179 silly REMOVE node_modules/vercel/node_modules/isexe
180 silly REMOVE node_modules/vercel/node_modules/isarray
181 silly REMOVE node_modules/vercel/node_modules/is-stream
182 silly REMOVE node_modules/vercel/node_modules/is-number
183 silly REMOVE node_modules/vercel/node_modules/is-node-process
184 silly REMOVE node_modules/vercel/node_modules/is-glob
185 silly REMOVE node_modules/vercel/node_modules/is-extglob
186 silly REMOVE node_modules/vercel/node_modules/is-buffer
187 silly REMOVE node_modules/vercel/node_modules/inherits
188 silly REMOVE node_modules/vercel/node_modules/iconv-lite
189 silly REMOVE node_modules/vercel/node_modules/human-signals
190 silly REMOVE node_modules/vercel/node_modules/https-proxy-agent
191 silly REMOVE node_modules/vercel/node_modules/http-errors
192 silly REMOVE node_modules/vercel/node_modules/graceful-fs
193 silly REMOVE node_modules/vercel/node_modules/glob-parent
194 silly REMOVE node_modules/vercel/node_modules/glob
195 silly REMOVE node_modules/vercel/node_modules/get-tsconfig
196 silly REMOVE node_modules/vercel/node_modules/get-stream
197 silly REMOVE node_modules/vercel/node_modules/generic-pool
198 silly REMOVE node_modules/vercel/node_modules/fs-minipass
199 silly REMOVE node_modules/vercel/node_modules/fs-extra
200 silly REMOVE node_modules/vercel/node_modules/fill-range
201 silly REMOVE node_modules/vercel/node_modules/file-uri-to-path
202 silly REMOVE node_modules/vercel/node_modules/fd-slicer
203 silly REMOVE node_modules/vercel/node_modules/fastq
204 silly REMOVE node_modules/vercel/node_modules/fast-glob
205 silly REMOVE node_modules/vercel/node_modules/fast-deep-equal
206 silly REMOVE node_modules/vercel/node_modules/execa
207 silly REMOVE node_modules/vercel/node_modules/events-intercept
208 silly REMOVE node_modules/vercel/node_modules/etag
209 silly REMOVE node_modules/vercel/node_modules/esbuild-windows-64
210 silly REMOVE node_modules/vercel/node_modules/estree-walker
211 silly REMOVE node_modules/vercel/node_modules/esbuild
212 silly REMOVE node_modules/vercel/node_modules/es-module-lexer
213 silly REMOVE node_modules/vercel/node_modules/end-of-stream
214 silly REMOVE node_modules/vercel/node_modules/edge-runtime
215 silly REMOVE node_modules/vercel/node_modules/diff
216 silly REMOVE node_modules/vercel/node_modules/detect-libc
217 silly REMOVE node_modules/vercel/node_modules/depd
218 silly REMOVE node_modules/vercel/node_modules/debug
219 silly REMOVE node_modules/vercel/node_modules/cross-spawn
220 silly REMOVE node_modules/vercel/node_modules/create-require
221 silly REMOVE node_modules/vercel/node_modules/cookie-es
222 silly REMOVE node_modules/vercel/node_modules/convert-hrtime
223 silly REMOVE node_modules/vercel/node_modules/content-type
224 silly REMOVE node_modules/vercel/node_modules/consola
225 silly REMOVE node_modules/vercel/node_modules/concat-map
226 silly REMOVE node_modules/vercel/node_modules/code-block-writer
227 silly REMOVE node_modules/vercel/node_modules/cjs-module-lexer
228 silly REMOVE node_modules/vercel/node_modules/chownr
229 silly REMOVE node_modules/vercel/node_modules/chokidar
230 silly REMOVE node_modules/vercel/node_modules/bytes
231 silly REMOVE node_modules/vercel/node_modules/buffer-crc32
232 silly REMOVE node_modules/vercel/node_modules/braces
233 silly REMOVE node_modules/vercel/node_modules/brace-expansion
234 silly REMOVE node_modules/vercel/node_modules/bindings
235 silly REMOVE node_modules/vercel/node_modules/balanced-match
236 silly REMOVE node_modules/vercel/node_modules/async-sema
237 silly REMOVE node_modules/vercel/node_modules/async-retry
238 silly REMOVE node_modules/vercel/node_modules/async-listen
239 silly REMOVE node_modules/vercel/node_modules/arg
240 silly REMOVE node_modules/vercel/node_modules/any-promise
241 silly REMOVE node_modules/vercel/node_modules/ansis
242 silly REMOVE node_modules/vercel/node_modules/ajv
243 silly REMOVE node_modules/vercel/node_modules/agent-base
244 silly REMOVE node_modules/vercel/node_modules/acorn-walk
245 silly REMOVE node_modules/vercel/node_modules/acorn
246 silly REMOVE node_modules/vercel/node_modules/abbrev
247 silly REMOVE node_modules/vercel/node_modules/acorn-import-attributes
248 silly REMOVE node_modules/vercel/node_modules/@rolldown/binding-win32-ia32-msvc
249 silly REMOVE node_modules/vercel/node_modules/@rolldown/binding-win32-arm64-msvc
250 silly REMOVE node_modules/vercel/node_modules/@rolldown/binding-wasm32-wasi
251 silly REMOVE node_modules/vercel/node_modules/@rolldown/binding-openharmony-arm64
252 silly REMOVE node_modules/vercel/node_modules/@rolldown/binding-linux-x64-musl
253 silly REMOVE node_modules/vercel/node_modules/@rolldown/binding-linux-x64-gnu
254 silly REMOVE node_modules/vercel/node_modules/@rolldown/binding-linux-arm64-musl
255 silly REMOVE node_modules/vercel/node_modules/@rolldown/binding-linux-arm64-gnu
256 silly REMOVE node_modules/vercel/node_modules/@rolldown/binding-linux-arm-gnueabihf
257 silly REMOVE node_modules/vercel/node_modules/@rolldown/binding-freebsd-x64
258 silly REMOVE node_modules/vercel/node_modules/@rolldown/binding-darwin-x64
259 silly REMOVE node_modules/vercel/node_modules/@rolldown/binding-darwin-arm64
260 silly REMOVE node_modules/vercel/node_modules/@rolldown/binding-android-arm64
261 silly REMOVE node_modules/vercel/node_modules/@esbuild/linux-s390x
262 silly REMOVE node_modules/vercel/node_modules/@esbuild/win32-arm64
263 silly REMOVE node_modules/vercel/node_modules/@esbuild/win32-ia32
264 silly REMOVE node_modules/vercel/node_modules/@esbuild/sunos-x64
265 silly REMOVE node_modules/vercel/node_modules/@esbuild/openharmony-arm64
266 silly REMOVE node_modules/vercel/node_modules/@esbuild/openbsd-x64
267 silly REMOVE node_modules/vercel/node_modules/@esbuild/openbsd-arm64
268 silly REMOVE node_modules/vercel/node_modules/@esbuild/netbsd-x64
269 silly REMOVE node_modules/vercel/node_modules/@esbuild/linux-x64
270 silly REMOVE node_modules/vercel/node_modules/@esbuild/netbsd-arm64
271 silly REMOVE node_modules/vercel/node_modules/@esbuild/linux-riscv64
272 silly REMOVE node_modules/vercel/node_modules/@esbuild/linux-mips64el
273 silly REMOVE node_modules/vercel/node_modules/@esbuild/linux-ppc64
274 silly REMOVE node_modules/vercel/node_modules/@esbuild/linux-loong64
275 silly REMOVE node_modules/vercel/node_modules/@esbuild/linux-ia32
276 silly REMOVE node_modules/vercel/node_modules/@esbuild/linux-arm64
277 silly REMOVE node_modules/vercel/node_modules/@esbuild/linux-arm
278 silly REMOVE node_modules/vercel/node_modules/@esbuild/freebsd-x64
279 silly REMOVE node_modules/vercel/node_modules/@esbuild/freebsd-arm64
280 silly REMOVE node_modules/vercel/node_modules/@esbuild/darwin-x64
281 silly REMOVE node_modules/vercel/node_modules/@esbuild/darwin-arm64
282 silly REMOVE node_modules/vercel/node_modules/@esbuild/android-x64
283 silly REMOVE node_modules/vercel/node_modules/@esbuild/android-arm64
284 silly REMOVE node_modules/vercel/node_modules/@esbuild/android-arm
285 silly REMOVE node_modules/vercel/node_modules/@esbuild/aix-ppc64
286 silly REMOVE node_modules/vercel/node_modules/typescript
287 silly REMOVE node_modules/vercel/node_modules/fsevents
288 silly REMOVE node_modules/vercel/node_modules/esbuild-windows-arm64
289 silly REMOVE node_modules/vercel/node_modules/esbuild-windows-32
290 silly REMOVE node_modules/vercel/node_modules/esbuild-sunos-64
291 silly REMOVE node_modules/vercel/node_modules/esbuild-openbsd-64
292 silly REMOVE node_modules/vercel/node_modules/esbuild-netbsd-64
293 silly REMOVE node_modules/vercel/node_modules/esbuild-linux-s390x
294 silly REMOVE node_modules/vercel/node_modules/esbuild-linux-riscv64
295 silly REMOVE node_modules/vercel/node_modules/esbuild-linux-ppc64le
296 silly REMOVE node_modules/vercel/node_modules/esbuild-linux-mips64le
297 silly REMOVE node_modules/vercel/node_modules/esbuild-linux-arm64
298 silly REMOVE node_modules/vercel/node_modules/esbuild-linux-arm
299 silly REMOVE node_modules/vercel/node_modules/esbuild-linux-64
300 silly REMOVE node_modules/vercel/node_modules/esbuild-linux-32
301 silly REMOVE node_modules/vercel/node_modules/esbuild-freebsd-arm64
302 silly REMOVE node_modules/vercel/node_modules/esbuild-freebsd-64
303 silly REMOVE node_modules/vercel/node_modules/esbuild-darwin-arm64
304 silly REMOVE node_modules/vercel/node_modules/esbuild-darwin-64
305 silly REMOVE node_modules/vercel/node_modules/esbuild-android-arm64
306 silly REMOVE node_modules/vercel/node_modules/esbuild-android-64
307 verbose cwd C:\Users\clint\Documents\smart-nutrition-app
308 verbose os Windows_NT 10.0.22000
309 verbose node v22.14.0
310 verbose npm  v10.9.2
311 verbose exit 0
312 info ok
