0 verbose cli C:\Program Files\nodejs\node.exe C:\Program Files\nodejs\node_modules\npm\bin\npm-cli.js
1 info using npm@10.9.2
2 info using node@v22.14.0
3 silly config load:file:C:\Program Files\nodejs\node_modules\npm\npmrc
4 silly config load:file:C:\Users\clint\.npmrc
5 silly config load:file:C:\Users\clint\AppData\Roaming\npm\etc\npmrc
6 verbose title npm install vercel@47.8.0
7 verbose argv "install" "--global" "vercel@47.8.0"
8 verbose logfile logs-max:10 dir:C:\Users\clint\Documents\smart-nutrition-app\.npm-cache\_logs\2025-12-11T20_31_37_130Z-
9 verbose logfile C:\Users\clint\Documents\smart-nutrition-app\.npm-cache\_logs\2025-12-11T20_31_37_130Z-debug-0.log
10 silly packumentCache heap:4345298944 maxSize:1086324736 maxEntrySize:543162368
11 silly logfile done cleaning log files
12 silly idealTree buildDeps
13 silly fetch manifest vercel@47.8.0
14 silly packumentCache full:https://registry.npmjs.org/vercel cache-miss
15 http cache https://registry.npmjs.org/vercel 50ms (cache hit)
16 silly packumentCache full:https://registry.npmjs.org/vercel set size:6488183 disposed:false
17 silly placeDep ROOT vercel@ OK for:  want: 47.8.0
18 verbose type version
19 verbose stack vercel: No matching version found for vercel@47.8.0.
19 verbose stack     at module.exports (C:\Program Files\nodejs\node_modules\npm\node_modules\npm-pick-manifest\lib\index.js:215:23)
19 verbose stack     at RegistryFetcher.manifest (C:\Program Files\nodejs\node_modules\npm\node_modules\pacote\lib\registry.js:130:54)
19 verbose stack     at async #fetchManifest (C:\Program Files\nodejs\node_modules\npm\node_modules\@npmcli\arborist\lib\arborist\build-ideal-tree.js:1202:20)
19 verbose stack     at async #nodeFromEdge (C:\Program Files\nodejs\node_modules\npm\node_modules\@npmcli\arborist\lib\arborist\build-ideal-tree.js:1040:19)
19 verbose stack     at async #buildDepStep (C:\Program Files\nodejs\node_modules\npm\node_modules\@npmcli\arborist\lib\arborist\build-ideal-tree.js:904:11)
19 verbose stack     at async Arborist.buildIdealTree (C:\Program Files\nodejs\node_modules\npm\node_modules\@npmcli\arborist\lib\arborist\build-ideal-tree.js:181:7)
19 verbose stack     at async Arborist.reify (C:\Program Files\nodejs\node_modules\npm\node_modules\@npmcli\arborist\lib\arborist\reify.js:131:5)
19 verbose stack     at async Install.exec (C:\Program Files\nodejs\node_modules\npm\lib\commands\install.js:150:5)
19 verbose stack     at async Npm.exec (C:\Program Files\nodejs\node_modules\npm\lib\npm.js:207:9)
19 verbose stack     at async module.exports (C:\Program Files\nodejs\node_modules\npm\lib\cli\entry.js:74:5)
20 error code ETARGET
21 error notarget No matching version found for vercel@47.8.0.
22 error notarget In most cases you or one of your dependencies are requesting
22 error notarget a package version that doesn't exist.
23 silly unfinished npm timer reify 1765485098235
24 silly unfinished npm timer reify:loadTrees 1765485098243
25 verbose cwd C:\Users\clint\Documents\smart-nutrition-app
26 verbose os Windows_NT 10.0.22000
27 verbose node v22.14.0
28 verbose npm  v10.9.2
29 verbose exit 1
30 verbose code 1
31 error A complete log of this run can be found in: C:\Users\clint\Documents\smart-nutrition-app\.npm-cache\_logs\2025-12-11T20_31_37_130Z-debug-0.log
